2024-02-18T18:53:34.593Z POST /signin 200 175.979 ms
2024-02-20T18:29:40.682Z POST /signup 201 437.642 ms
2024-02-20T18:34:42.353Z POST /signin 200 252.668 ms
2024-02-20T18:34:51.324Z GET /getPhotos 200 237.265 ms
2024-02-20T18:34:51.536Z GET /getPhotos 304 208.600 ms
2024-02-20T18:34:52.545Z GET /static/files/image1.png 200 1116.131 ms
2024-02-20T18:34:52.559Z GET /static/files/image3.png 200 1113.433 ms
2024-02-20T18:34:52.612Z GET /static/files/image.png 200 1144.724 ms
2024-02-20T18:38:56.317Z GET /getPhotos 304 82.672 ms
2024-02-20T18:38:56.352Z GET /static/files/image3.png 304 3.331 ms
2024-02-20T18:38:56.353Z GET /static/files/image.png 304 3.314 ms
2024-02-20T18:38:56.354Z GET /static/files/image1.png 304 3.254 ms
2024-02-20T18:38:56.373Z GET /getPhotos 304 53.562 ms
2024-02-20T18:42:56.994Z POST /signin 200 144.548 ms
2024-02-20T18:43:01.220Z GET /getPhotos 304 103.485 ms
2024-02-20T18:43:01.264Z GET /static/files/image1.png 304 7.631 ms
2024-02-20T18:43:01.269Z GET /static/files/image3.png 304 3.801 ms
2024-02-20T18:43:01.271Z GET /static/files/image.png 304 2.693 ms
2024-02-20T18:43:01.315Z GET /getPhotos 304 93.235 ms
2024-02-20T18:46:48.667Z POST /signin 200 82.898 ms
2024-02-20T18:46:48.729Z POST /signin 200 128.393 ms
2024-02-20T19:06:22.841Z GET /getPhotos 304 240.594 ms
2024-02-20T19:06:22.879Z GET /static/files/image1.png 304 7.355 ms
2024-02-20T19:06:22.880Z GET /static/files/image3.png 304 5.627 ms
2024-02-20T19:06:22.881Z GET /static/files/image.png 304 4.878 ms
2024-02-20T19:06:23.072Z GET /getPhotos 304 229.171 ms
2024-02-20T19:09:35.397Z GET /getPhotos 304 251.968 ms
2024-02-20T19:09:35.447Z GET /static/files/image1.png 304 7.510 ms
2024-02-20T19:09:35.448Z GET /static/files/image3.png 304 5.685 ms
2024-02-20T19:09:35.451Z GET /static/files/image.png 304 1.530 ms
